d:\github\mytoy\gameengine\gameengine\debug\vc140.pdb
d:\github\mytoy\gameengine\gameengine\debug\vc140.idb
d:\github\mytoy\gameengine\gameengine\debug\meshbuffer.obj
d:\github\mytoy\gameengine\gameengine\debug\math.obj
d:\github\mytoy\gameengine\gameengine\debug\rendercamera.obj
d:\github\mytoy\gameengine\gameengine\debug\resources.obj
d:\github\mytoy\gameengine\gameengine\debug\shader.obj
d:\github\mytoy\gameengine\gameengine\debug\time.obj
d:\github\mytoy\gameengine\gameengine\debug\imagefile.obj
d:\github\mytoy\gameengine\gameengine\debug\object.obj
d:\github\mytoy\gameengine\gameengine\debug\truetypefont.obj
d:\github\mytoy\gameengine\gameengine\debug\debug.obj
d:\github\mytoy\gameengine\gameengine\debug\enginedefine.obj
d:\github\mytoy\gameengine\gameengine\debug\enginesetting.obj
d:\github\mytoy\gameengine\gameengine\debug\fontmanager.obj
d:\github\mytoy\gameengine\gameengine\debug\meshfactory.obj
d:\github\mytoy\gameengine\gameengine\debug\3dsfile.obj
d:\github\mytoy\gameengine\gameengine\debug\atlas.obj
d:\github\mytoy\gameengine\gameengine\debug\bitimage.obj
d:\github\mytoy\gameengine\gameengine\debug\skeletonanimation.obj
d:\github\mytoy\gameengine\gameengine\debug\colladafile.obj
d:\github\mytoy\gameengine\gameengine\debug\component.obj
d:\github\mytoy\gameengine\gameengine\debug\config.obj
d:\github\mytoy\gameengine\gameengine\debug\application.obj
d:\github\mytoy\gameengine\gameengine\debug\camera.obj
d:\github\mytoy\gameengine\gameengine\debug\fontrenderer.obj
d:\github\mytoy\gameengine\gameengine\debug\gameobject.obj
d:\github\mytoy\gameengine\gameengine\debug\guisystem.obj
d:\github\mytoy\gameengine\gameengine\debug\guitest.obj
d:\github\mytoy\gameengine\gameengine\debug\input.obj
d:\github\mytoy\gameengine\gameengine\debug\main.obj
d:\github\mytoy\gameengine\gameengine\debug\textrenderer.obj
d:\github\mytoy\gameengine\gameengine\debug\texttest.obj
d:\github\mytoy\gameengine\gameengine\debug\gamewindow.obj
d:\github\mytoy\gameengine\gameengine\debug\imagetest.obj
d:\github\mytoy\gameengine\gameengine\debug\maker.obj
d:\github\mytoy\gameengine\gameengine\debug\material.obj
d:\github\mytoy\gameengine\gameengine\debug\meshrenderer.obj
d:\github\mytoy\gameengine\gameengine\debug\relationshiptest.obj
d:\github\mytoy\gameengine\gameengine\debug\rendertexture.obj
d:\github\mytoy\gameengine\gameengine\debug\skinnedmeshrenderer.obj
d:\github\mytoy\gameengine\gameengine\debug\spriteanimation.obj
d:\github\mytoy\gameengine\gameengine\debug\spriterenderer.obj
d:\github\mytoy\gameengine\gameengine\debug\testapp.obj
d:\github\mytoy\gameengine\gameengine\debug\testtest.obj
d:\github\mytoy\gameengine\gameengine\debug\texture.obj
d:\github\mytoy\gameengine\gameengine\debug\texture2d.obj
d:\github\mytoy\gameengine\gameengine\debug\colladatest.obj
d:\github\mytoy\gameengine\gameengine\debug\editortool.obj
d:\github\mytoy\gameengine\gameengine\debug\engine.obj
d:\github\mytoy\gameengine\gameengine\debug\guiimage.obj
d:\github\mytoy\gameengine\gameengine\debug\guilable.obj
d:\github\mytoy\gameengine\gameengine\debug\guilabel.obj
d:\github\mytoy\gameengine\debug\gameengine.ilk
d:\github\mytoy\gameengine\debug\gameengine.exe
d:\github\mytoy\gameengine\debug\gameengine.pdb
d:\github\mytoy\gameengine\gameengine\debug\gameengine.tlog\cl.command.1.tlog
d:\github\mytoy\gameengine\gameengine\debug\gameengine.tlog\cl.read.1.tlog
d:\github\mytoy\gameengine\gameengine\debug\gameengine.tlog\cl.write.1.tlog
d:\github\mytoy\gameengine\gameengine\debug\gameengine.tlog\link.command.1.tlog
d:\github\mytoy\gameengine\gameengine\debug\gameengine.tlog\link.read.1.tlog
d:\github\mytoy\gameengine\gameengine\debug\gameengine.tlog\link.write.1.tlog
